<?xml version="1.0" encoding="UTF-8"?>
<!-- Generated by org.testng.reporters.JUnitXMLReporter -->
<testsuite ignored="0" hostname="LAPTOP-F7UNL579" failures="1" tests="1" name="Test_All" time="0.492" errors="0" timestamp="2022-04-12T17:39:52 IST">
  <testcase classname="com.mystore.testcases.RegisterationPageTest" name="verifyRegisterationTest" time="0.474">
    <failure type="org.testng.internal.reflect.MethodMatcherException" message="
[public void com.mystore.testcases.RegisterationPageTest.verifyRegisterationTest(java.util.HashMap) throws java.lang.InterruptedException] has no parameters defined but was found to be using a data provider (either explicitly specified or inherited from class level annotation).
Data provider mismatch
Method: verifyRegisterationTest([Parameter{index=0, type=java.util.HashMap, declaredAnnotations=[]}])
Arguments: [(java.util.HashMap) {Email=test1997@test.com, Mobile_Number=511221234, First Name=rohan, Last Name=kumar},null,null,null]">
      <![CDATA[org.testng.internal.reflect.MethodMatcherException: 
[public void com.mystore.testcases.RegisterationPageTest.verifyRegisterationTest(java.util.HashMap) throws java.lang.InterruptedException] has no parameters defined but was found to be using a data provider (either explicitly specified or inherited from class level annotation).
Data provider mismatch
Method: verifyRegisterationTest([Parameter{index=0, type=java.util.HashMap, declaredAnnotations=[]}])
Arguments: [(java.util.HashMap) {Email=test1997@test.com, Mobile_Number=511221234, First Name=rohan, Last Name=kumar},null,null,null]
at java.base/java.util.ArrayList.forEach(ArrayList.java:1511)
... Removed 22 stack frames]]>
    </failure>
  </testcase> <!-- verifyRegisterationTest -->
</testsuite> <!-- Test_All -->
